c:\users\唐云鹏\desktop\唐云鹏k-v database\debug\vc142.pdb
c:\users\唐云鹏\desktop\唐云鹏k-v database\debug\vc142.idb
c:\users\唐云鹏\desktop\唐云鹏k-v database\debug\main.obj
c:\users\唐云鹏\desktop\唐云鹏k-v database\debug\kvdbhandler.obj
c:\users\唐云鹏\desktop\唐云鹏k-v database\debug\hash.obj
c:\users\唐云鹏\desktop\唐云鹏k-v database\debug\minheap.obj
c:\users\唐云鹏\desktop\唐云鹏k-v database\debug\logger.obj
c:\users\唐云鹏\desktop\唐云鹏k-v database\debug\唐云鹏k-v database.tlog\cl.command.1.tlog
c:\users\唐云鹏\desktop\唐云鹏k-v database\debug\唐云鹏k-v database.tlog\cl.read.1.tlog
c:\users\唐云鹏\desktop\唐云鹏k-v database\debug\唐云鹏k-v database.tlog\cl.write.1.tlog
c:\users\唐云鹏\desktop\唐云鹏k-v database\debug\唐云鹏k-v database.tlog\link-cvtres.read.1.tlog
c:\users\唐云鹏\desktop\唐云鹏k-v database\debug\唐云鹏k-v database.tlog\link-cvtres.write.1.tlog
c:\users\唐云鹏\desktop\唐云鹏k-v database\debug\唐云鹏k-v database.tlog\link-rc.read.1.tlog
c:\users\唐云鹏\desktop\唐云鹏k-v database\debug\唐云鹏k-v database.tlog\link-rc.write.1.tlog
c:\users\唐云鹏\desktop\唐云鹏k-v database\debug\唐云鹏k-v database.tlog\link.16532-cvtres.read.1.tlog
c:\users\唐云鹏\desktop\唐云鹏k-v database\debug\唐云鹏k-v database.tlog\link.16532-cvtres.write.1.tlog
c:\users\唐云鹏\desktop\唐云鹏k-v database\debug\唐云鹏k-v database.tlog\link.16532-rc.read.1.tlog
c:\users\唐云鹏\desktop\唐云鹏k-v database\debug\唐云鹏k-v database.tlog\link.16532-rc.write.1.tlog
c:\users\唐云鹏\desktop\唐云鹏k-v database\debug\唐云鹏k-v database.tlog\link.16532.read.1.tlog
c:\users\唐云鹏\desktop\唐云鹏k-v database\debug\唐云鹏k-v database.tlog\link.16532.write.1.tlog
c:\users\唐云鹏\desktop\唐云鹏k-v database\debug\唐云鹏k-v database.tlog\link.command.1.tlog
c:\users\唐云鹏\desktop\唐云鹏k-v database\debug\唐云鹏k-v database.tlog\link.read.1.tlog
c:\users\唐云鹏\desktop\唐云鹏k-v database\debug\唐云鹏k-v database.tlog\link.write.1.tlog
